Job started on: xanadu-39
Job started at: Sun Jul 13 19:19:05 EDT 2025
SLURM_JOB_ID: 9226858
SLURM_SUBMIT_DIR: /labs/Aguiar/SSPA_BRAY/BRay
Python version: Python 3.11.12
Running script: /labs/Aguiar/SSPA_BRAY/BRay/VariationalInference/run_experiments.py 10 times
--- Starting iteration 1 ---
Initial memory usage: 221.81 MB
Initial memory usage: 230.94 MB
MEMORY [Before loading data files]: 230.94 MB
MEMORY [After loading CYTOSEEDS]: 231.82 MB
Loading cached data from /labs/Aguiar/SSPA_BRAY/BRay/cytoseed_ensembl_cache.pkl
CYTOSEED_ensembl length: 170
MEMORY [Before reading pathways]: 231.82 MB
Number of pathways: 1730
MEMORY [After reading pathways]: 238.00 MB
MEMORY [Before convert_pathways_to_ensembl]: 238.00 MB
Loading cached data from /labs/Aguiar/SSPA_BRAY/BRay/pathways_ensembl_cache.pkl
MEMORY [After loading pathways from cache]: 241.61 MB
Original pathways count: 1730
Reactome pathways count: 1289
Filtered pathways count (REACTOME only, excluding keywords): 1277
Reactome pathways excluded due to keywords: 17
MEMORY [After converting pathways to ensembl]: 239.74 MB
MEMORY [Before loading gene annotations]: 239.74 MB
MEMORY [After loading gene annotations]: 250.45 MB
Loading cached Ensembl-converted AnnData from /labs/Aguiar/SSPA_BRAY/dataset/EMTAB11349/preprocessed/emtab_ensembl_converted.pkl
Loaded AnnData with shape: (590, 11283)
Loaded EMTAB data with shape (590, 11283) and label column 'both_labels'
Using specified d value: 1000

Running standard configuration:
Using UNMASKED configuration with 1000 gene programs

Running experiment on dataset emtab, label=both_labels
Running with d=1000
MEMORY CLEARED: 0.00 MB, now at 302.46 MB
